<?xml version="1.0" encoding="UTF-8"?>
<!-- Generated by org.testng.reporters.JUnitXMLReporter -->
<testsuite ignored="0" hostname="DESKTOP-4L4F65Q" failures="1" tests="1" name="lumacart test(failed)(failed)" time="13.455" errors="0" timestamp="2023-06-01T10:33:29 IST">
  <testcase classname="com.lumacart.testcases.Tc_001_login" name="logintest" time="10.232">
    <failure type="java.lang.AssertionError" message="expected [My Account] but found [[[ChromeDriver: chrome on WINDOWS (ff5d0833b490b24dbd910a5efff12101)] -&amp;gt; xpath: //a[@class=&amp;apos;logo&amp;apos;]]]">
      <![CDATA[java.lang.AssertionError: expected [My Account] but found [[[ChromeDriver: chrome on WINDOWS (ff5d0833b490b24dbd910a5efff12101)] -> xpath: //a[@class='logo']]]
at com.lumacart.testcases.Tc_001_login.logintest(Tc_001_login.java:28)
at java.base/java.util.ArrayList.forEach(ArrayList.java:1511)
... Removed 32 stack frames]]>
    </failure>
  </testcase> <!-- logintest -->
</testsuite> <!-- lumacart test(failed)(failed) -->
